c:\users\kosuk\desktop\private-sci_inf\lista\lista\consoleapplication1\x64\debug\vc143.pdb
c:\users\kosuk\desktop\private-sci_inf\lista\lista\consoleapplication1\x64\debug\vc143.idb
c:\users\kosuk\desktop\private-sci_inf\lista\lista\consoleapplication1\x64\debug\list.obj
c:\users\kosuk\desktop\private-sci_inf\lista\lista\consoleapplication1\x64\debug\consoleapplication1.obj
c:\users\kosuk\desktop\private-sci_inf\lista\lista\x64\debug\consoleapplication1.exe
c:\users\kosuk\desktop\private-sci_inf\lista\lista\consoleapplication1\x64\debug\consoleapplication1.ilk
c:\users\kosuk\desktop\private-sci_inf\lista\lista\x64\debug\consoleapplication1.pdb
c:\users\erykrybak\source\repos\private\lista\lista\consoleapplication1\x64\debug\consoleapplication1.obj
c:\users\erykrybak\source\repos\private\lista\lista\consoleapplication1\x64\debug\list.obj
c:\users\erykrybak\source\repos\private\lista\lista\consoleapplication1\x64\debug\consoleapplication1.ilk
c:\users\erykrybak\source\repos\private\lista\lista\consoleapplication1\x64\debug\vc143.idb
c:\users\erykrybak\source\repos\private\lista\lista\consoleapplication1\x64\debug\vc143.pdb
c:\users\erykrybak\source\repos\private\lista\lista\x64\debug\consoleapplication1.pdb
c:\users\erykrybak\source\repos\private\lista\lista\x64\debug\consoleapplication1.exe
c:\users\erykrybak\source\repos\private\lista\lista\consoleapplication1\x64\debug\consolea.af76c494.tlog\cl.command.1.tlog
c:\users\erykrybak\source\repos\private\lista\lista\consoleapplication1\x64\debug\consolea.af76c494.tlog\cl.read.1.tlog
c:\users\erykrybak\source\repos\private\lista\lista\consoleapplication1\x64\debug\consolea.af76c494.tlog\cl.write.1.tlog
c:\users\erykrybak\source\repos\private\lista\lista\consoleapplication1\x64\debug\consolea.af76c494.tlog\link.command.1.tlog
c:\users\erykrybak\source\repos\private\lista\lista\consoleapplication1\x64\debug\consolea.af76c494.tlog\link.read.1.tlog
c:\users\erykrybak\source\repos\private\lista\lista\consoleapplication1\x64\debug\consolea.af76c494.tlog\link.write.1.tlog
